<?xml version="1.0" encoding="UTF-8"?>
<testsuite xmlns:xsi="http://www.w3.org/2001/XMLSchema-instance" xsi:noNamespaceSchemaLocation="https://maven.apache.org/surefire/maven-surefire-plugin/xsd/surefire-test-report.xsd" name="com.sky.test.HttpClientTest" time="0.586" tests="2" errors="2" skipped="0" failures="0">
  <properties>
[...]
</properties>
  <testcase name="testGET" classname="com.sky.test.HttpClientTest" time="0.506">
    <error message="Connect to localhost:8080 [localhost/127.0.0.1, localhost/0:0:0:0:0:0:0:1] failed: Connection refused: connect" type="org.apache.http.conn.HttpHostConnectException">org.apache.http.conn.HttpHostConnectException: Connect to localhost:8080 [localhost/127.0.0.1, localhost/0:0:0:0:0:0:0:1] failed: Connection refused: connect
	at com.sky.test.HttpClientTest.testGET(HttpClientTest.java:30)
Caused by: java.net.ConnectException: Connection refused: connect
	at com.sky.test.HttpClientTest.testGET(HttpClientTest.java:30)
</error>
    <system-out><![CDATA[21:27:36.659 [main] DEBUG org.apache.http.client.protocol.RequestAddCookies - CookieSpec selected: default
21:27:36.668 [main] DEBUG org.apache.http.client.protocol.RequestAuthCache - Auth cache not set in the context
21:27:36.670 [main] DEBUG org.apache.http.impl.conn.PoolingHttpClientConnectionManager - Connection request: [route: {}->http://localhost:8080][total available: 0; route allocated: 0 of 2; total allocated: 0 of 20]
21:27:36.680 [main] DEBUG org.apache.http.impl.conn.PoolingHttpClientConnectionManager - Connection leased: [id: 0][route: {}->http://localhost:8080][total available: 0; route allocated: 1 of 2; total allocated: 1 of 20]
21:27:36.682 [main] DEBUG org.apache.http.impl.execchain.MainClientExec - Opening connection {}->http://localhost:8080
21:27:36.715 [main] DEBUG org.apache.http.impl.conn.DefaultHttpClientConnectionOperator - Connecting to localhost/127.0.0.1:8080
21:27:36.717 [main] DEBUG org.apache.http.impl.conn.DefaultHttpClientConnectionOperator - Connect to localhost/127.0.0.1:8080 timed out. Connection will be retried using another IP address
21:27:36.717 [main] DEBUG org.apache.http.impl.conn.DefaultHttpClientConnectionOperator - Connecting to localhost/[0:0:0:0:0:0:0:1]:8080
21:27:36.718 [main] DEBUG org.apache.http.impl.conn.DefaultManagedHttpClientConnection - http-outgoing-0: Shutdown connection
21:27:36.718 [main] DEBUG org.apache.http.impl.execchain.MainClientExec - Connection discarded
21:27:36.718 [main] DEBUG org.apache.http.impl.conn.PoolingHttpClientConnectionManager - Connection released: [id: 0][route: {}->http://localhost:8080][total available: 0; route allocated: 0 of 2; total allocated: 0 of 20]
]]></system-out>
  </testcase>
  <testcase name="testPOST" classname="com.sky.test.HttpClientTest" time="0.065">
    <error message="Connect to localhost:8080 [localhost/127.0.0.1, localhost/0:0:0:0:0:0:0:1] failed: Connection refused: connect" type="org.apache.http.conn.HttpHostConnectException">org.apache.http.conn.HttpHostConnectException: Connect to localhost:8080 [localhost/127.0.0.1, localhost/0:0:0:0:0:0:0:1] failed: Connection refused: connect
	at com.sky.test.HttpClientTest.testPOST(HttpClientTest.java:69)
Caused by: java.net.ConnectException: Connection refused: connect
	at com.sky.test.HttpClientTest.testPOST(HttpClientTest.java:69)
</error>
    <system-out><![CDATA[21:27:36.801 [main] DEBUG org.apache.http.client.protocol.RequestAddCookies - CookieSpec selected: default
21:27:36.801 [main] DEBUG org.apache.http.client.protocol.RequestAuthCache - Auth cache not set in the context
21:27:36.802 [main] DEBUG org.apache.http.impl.conn.PoolingHttpClientConnectionManager - Connection request: [route: {}->http://localhost:8080][total available: 0; route allocated: 0 of 2; total allocated: 0 of 20]
21:27:36.802 [main] DEBUG org.apache.http.impl.conn.PoolingHttpClientConnectionManager - Connection leased: [id: 1][route: {}->http://localhost:8080][total available: 0; route allocated: 1 of 2; total allocated: 1 of 20]
21:27:36.802 [main] DEBUG org.apache.http.impl.execchain.MainClientExec - Opening connection {}->http://localhost:8080
21:27:36.802 [main] DEBUG org.apache.http.impl.conn.DefaultHttpClientConnectionOperator - Connecting to localhost/127.0.0.1:8080
21:27:36.803 [main] DEBUG org.apache.http.impl.conn.DefaultHttpClientConnectionOperator - Connect to localhost/127.0.0.1:8080 timed out. Connection will be retried using another IP address
21:27:36.803 [main] DEBUG org.apache.http.impl.conn.DefaultHttpClientConnectionOperator - Connecting to localhost/[0:0:0:0:0:0:0:1]:8080
21:27:36.804 [main] DEBUG org.apache.http.impl.conn.DefaultManagedHttpClientConnection - http-outgoing-1: Shutdown connection
21:27:36.804 [main] DEBUG org.apache.http.impl.execchain.MainClientExec - Connection discarded
21:27:36.804 [main] DEBUG org.apache.http.impl.conn.PoolingHttpClientConnectionManager - Connection released: [id: 1][route: {}->http://localhost:8080][total available: 0; route allocated: 0 of 2; total allocated: 0 of 20]
]]></system-out>
  </testcase>
</testsuite>